{"level":"info","message":"Server running on port 3000","timestamp":"2025-05-02T16:22:51.952Z"}
{"level":"info","message":"Server running on port 3000","timestamp":"2025-05-02T16:24:14.140Z"}
{"level":"info","message":"Server running on port 3000","timestamp":"2025-05-02T16:24:40.701Z"}
{"level":"info","message":"Server running on port 3000","timestamp":"2025-05-02T16:28:22.902Z"}
{"level":"info","message":"Server running on port 3000","timestamp":"2025-05-02T16:32:08.803Z"}
{"level":"info","message":"Server running on port 3000","timestamp":"2025-05-02T16:35:44.325Z"}
{"level":"info","message":"Server running on port 3000","timestamp":"2025-05-02T16:40:52.017Z"}
{"level":"info","message":"Server running on port 3000","timestamp":"2025-05-02T16:48:57.864Z"}
{"level":"info","message":"Server running on port 3000","timestamp":"2025-05-02T16:49:09.936Z"}
{"error":{"message":"jwt malformed","name":"JsonWebTokenError"},"level":"error","message":"Invalid token","path":"/","timestamp":"2025-05-02T16:53:17.030Z"}
{"level":"info","message":"Server running on port 3000","timestamp":"2025-05-02T16:53:55.487Z"}
{"level":"info","limit":10,"message":"Users retrieved","page":1,"timestamp":"2025-05-02T16:54:02.680Z"}
{"level":"info","message":"Server running on port 3000","timestamp":"2025-05-02T16:56:07.642Z"}
{"level":"info","message":"Server running on port 3000","timestamp":"2025-05-02T17:39:48.635Z"}
{"level":"info","message":"Server running on port 3000","timestamp":"2025-05-02T17:46:38.517Z"}
{"level":"info","message":"Server running on port 3000","timestamp":"2025-05-02T17:47:12.634Z"}
{"level":"info","message":"Server running on port 3000","timestamp":"2025-05-02T17:49:43.643Z"}
{"level":"info","message":"Server running on port 3000","timestamp":"2025-05-02T17:50:03.184Z"}
{"level":"info","message":"Server running on port 3000","timestamp":"2025-05-02T17:56:57.393Z"}
{"level":"info","message":"Server running on port 3000","timestamp":"2025-05-02T18:06:14.398Z"}
{"level":"info","message":"Server running on port 3000","timestamp":"2025-05-02T18:09:26.022Z"}
{"level":"info","message":"Server running on port 3000","timestamp":"2025-06-10T03:52:27.392Z"}
{"level":"info","message":"Server running on port 3000","timestamp":"2025-06-10T03:54:01.437Z"}
{"level":"info","message":"Server running on port 3000","timestamp":"2025-06-10T03:57:42.042Z"}
{"level":"info","message":"Server running on port 3000","timestamp":"2025-06-18T14:32:57.430Z"}
{"level":"info","message":"Server running on port 3000","timestamp":"2025-06-20T18:28:35.907Z"}
{"email":"admin@edutrack.com","level":"warn","message":"Login failed: Invalid password","timestamp":"2025-06-20T20:04:13.773Z"}
{"error":{"clientVersion":"5.22.0","code":"P1001","meta":{"database_host":"aws-0-eu-west-2.pooler.supabase.com","database_port":6543,"modelName":"User"},"name":"PrismaClientKnownRequestError"},"level":"error","message":"Failed to login","timestamp":"2025-06-20T20:08:30.983Z"}
{"error":{"clientVersion":"5.22.0","code":"P1001","meta":{"database_host":"aws-0-eu-west-2.pooler.supabase.com","database_port":6543,"modelName":"User"},"name":"PrismaClientKnownRequestError"},"level":"error","message":"Failed to login","timestamp":"2025-06-20T20:08:42.983Z"}
{"error":{},"level":"error","message":"Failed to login","timestamp":"2025-06-20T20:09:19.091Z"}
{"email":"admin@edutracka.com","level":"warn","message":"Login failed: User not found","timestamp":"2025-06-20T20:56:34.351Z"}
{"error":{},"level":"error","message":"Failed to register user","timestamp":"2025-06-20T20:56:45.171Z"}
{"email":"admin@greenwood-academy.edu","level":"warn","message":"Login failed: Invalid password","timestamp":"2025-06-21T00:07:05.904Z"}
{"email":"admin@greenwood-academy.edu","level":"warn","message":"Login failed: Invalid password","timestamp":"2025-06-21T00:07:17.265Z"}
{"email":"parent1@email.com","level":"warn","message":"Login failed: Invalid password","timestamp":"2025-06-21T00:09:05.929Z"}
{"level":"info","message":"Server running on port 3000","timestamp":"2025-06-21T00:11:43.300Z"}
{"email":"parent1@email.com","level":"warn","message":"Login failed: Invalid password","timestamp":"2025-06-21T00:12:03.090Z"}
{"email":"parent1@email.com","level":"warn","message":"Login failed: Invalid password","timestamp":"2025-06-21T00:12:14.522Z"}
{"errors":[{"code":"invalid_string","message":"Invalid email","path":["email"],"validation":"email"}],"level":"warn","message":"Invalid input for login","timestamp":"2025-06-21T00:15:11.046Z"}
{"errors":[{"code":"invalid_string","message":"Invalid email","path":["email"],"validation":"email"}],"level":"warn","message":"Invalid input for login","timestamp":"2025-06-21T00:15:13.545Z"}
{"error":{},"level":"error","message":"Failed to login","timestamp":"2025-06-21T00:15:43.258Z"}
{"error":{},"level":"error","message":"Failed to login","timestamp":"2025-06-21T00:16:10.719Z"}
{"level":"info","message":"Server running on port 3000","timestamp":"2025-06-21T00:23:51.399Z"}
{"level":"info","message":"Server running on port 3000","timestamp":"2025-06-21T12:54:15.768Z"}
{"level":"info","message":"SIGINT received, shutting down gracefully","timestamp":"2025-06-21T12:58:23.278Z"}
{"level":"info","message":"Server running on port 3000","timestamp":"2025-06-21T13:36:14.206Z"}
{"level":"info","message":"Server running on port 10000","timestamp":"2025-06-21T15:34:50.104Z"}
{"level":"info","message":"Server running on port 10000","timestamp":"2025-06-21T15:42:36.362Z"}
{"level":"info","message":"SIGINT received, shutting down gracefully","timestamp":"2025-06-21T15:44:56.306Z"}
