{"error":{"message":"jwt malformed","name":"JsonWebTokenError"},"level":"error","message":"Invalid token","path":"/","timestamp":"2025-05-02T16:53:17.030Z"}
{"error":{"clientVersion":"5.22.0","code":"P1001","meta":{"database_host":"aws-0-eu-west-2.pooler.supabase.com","database_port":6543,"modelName":"User"},"name":"PrismaClientKnownRequestError"},"level":"error","message":"Failed to login","timestamp":"2025-06-20T20:08:30.983Z"}
{"error":{"clientVersion":"5.22.0","code":"P1001","meta":{"database_host":"aws-0-eu-west-2.pooler.supabase.com","database_port":6543,"modelName":"User"},"name":"PrismaClientKnownRequestError"},"level":"error","message":"Failed to login","timestamp":"2025-06-20T20:08:42.983Z"}
{"error":{},"level":"error","message":"Failed to login","timestamp":"2025-06-20T20:09:19.091Z"}
{"error":{},"level":"error","message":"Failed to register user","timestamp":"2025-06-20T20:56:45.171Z"}
{"error":{},"level":"error","message":"Failed to login","timestamp":"2025-06-21T00:15:43.258Z"}
{"error":{},"level":"error","message":"Failed to login","timestamp":"2025-06-21T00:16:10.719Z"}
{"error":{"expiredAt":"2025-07-18T07:18:44.000Z","message":"jwt expired","name":"TokenExpiredError"},"level":"error","message":"Invalid token","path":"/super-admin","timestamp":"2025-07-18T07:46:58.481Z"}
{"error":{"expiredAt":"2025-07-18T07:18:44.000Z","message":"jwt expired","name":"TokenExpiredError"},"level":"error","message":"Invalid token","path":"/super-admin","timestamp":"2025-07-18T07:46:58.535Z"}
{"error":{"expiredAt":"2025-07-18T07:18:44.000Z","message":"jwt expired","name":"TokenExpiredError"},"level":"error","message":"Invalid token","path":"/logout","timestamp":"2025-07-18T08:02:48.278Z"}
{"error":{"message":"jwt malformed","name":"JsonWebTokenError"},"level":"error","message":"Invalid token","path":"/","timestamp":"2025-07-18T08:07:57.556Z"}
{"code":"LIMIT_UNEXPECTED_FILE","field":"file","level":"error","message":"Unhandled error: Unexpected field","name":"MulterError","stack":"MulterError: Unexpected field\n    at wrappedFileFilter (C:\\Users\\Pascal Seth\\Desktop\\Edutrack-backend-1\\node_modules\\multer\\index.js:40:19)\n    at Multipart.<anonymous> (C:\\Users\\Pascal Seth\\Desktop\\Edutrack-backend-1\\node_modules\\multer\\lib\\make-middleware.js:123:7)\n    at Multipart.emit (node:events:518:28)\n    at Multipart.emit (node:domain:489:12)\n    at HeaderParser.cb (C:\\Users\\Pascal Seth\\Desktop\\Edutrack-backend-1\\node_modules\\busboy\\lib\\types\\multipart.js:358:14)\n    at HeaderParser.push (C:\\Users\\Pascal Seth\\Desktop\\Edutrack-backend-1\\node_modules\\busboy\\lib\\types\\multipart.js:162:20)\n    at SBMH.ssCb [as _cb] (C:\\Users\\Pascal Seth\\Desktop\\Edutrack-backend-1\\node_modules\\busboy\\lib\\types\\multipart.js:394:37)\n    at feed (C:\\Users\\Pascal Seth\\Desktop\\Edutrack-backend-1\\node_modules\\streamsearch\\lib\\sbmh.js:200:10)\n    at SBMH.push (C:\\Users\\Pascal Seth\\Desktop\\Edutrack-backend-1\\node_modules\\streamsearch\\lib\\sbmh.js:104:16)\n    at Multipart._write (C:\\Users\\Pascal Seth\\Desktop\\Edutrack-backend-1\\node_modules\\busboy\\lib\\types\\multipart.js:567:19)","storageErrors":[],"timestamp":"2025-07-18T08:09:49.131Z"}
{"code":"LIMIT_UNEXPECTED_FILE","field":"file","level":"error","message":"Unhandled error: Unexpected field","name":"MulterError","stack":"MulterError: Unexpected field\n    at wrappedFileFilter (C:\\Users\\Pascal Seth\\Desktop\\Edutrack-backend-1\\node_modules\\multer\\index.js:40:19)\n    at Multipart.<anonymous> (C:\\Users\\Pascal Seth\\Desktop\\Edutrack-backend-1\\node_modules\\multer\\lib\\make-middleware.js:123:7)\n    at Multipart.emit (node:events:518:28)\n    at Multipart.emit (node:domain:489:12)\n    at HeaderParser.cb (C:\\Users\\Pascal Seth\\Desktop\\Edutrack-backend-1\\node_modules\\busboy\\lib\\types\\multipart.js:358:14)\n    at HeaderParser.push (C:\\Users\\Pascal Seth\\Desktop\\Edutrack-backend-1\\node_modules\\busboy\\lib\\types\\multipart.js:162:20)\n    at SBMH.ssCb [as _cb] (C:\\Users\\Pascal Seth\\Desktop\\Edutrack-backend-1\\node_modules\\busboy\\lib\\types\\multipart.js:394:37)\n    at feed (C:\\Users\\Pascal Seth\\Desktop\\Edutrack-backend-1\\node_modules\\streamsearch\\lib\\sbmh.js:200:10)\n    at SBMH.push (C:\\Users\\Pascal Seth\\Desktop\\Edutrack-backend-1\\node_modules\\streamsearch\\lib\\sbmh.js:104:16)\n    at Multipart._write (C:\\Users\\Pascal Seth\\Desktop\\Edutrack-backend-1\\node_modules\\busboy\\lib\\types\\multipart.js:567:19)","storageErrors":[],"timestamp":"2025-07-18T08:11:34.974Z"}
{"error":{"expiredAt":"2025-07-18T08:23:12.000Z","message":"jwt expired","name":"TokenExpiredError"},"level":"error","message":"Invalid token","path":"/logout","timestamp":"2025-07-18T08:23:13.960Z"}
{"error":{"message":"jwt malformed","name":"JsonWebTokenError"},"level":"error","message":"Invalid token","path":"/","timestamp":"2025-07-18T08:26:21.309Z"}
{"error":{"clientVersion":"6.10.1","code":"P2010","meta":{"code":"22012","message":"ERROR: division by zero"},"name":"PrismaClientKnownRequestError"},"level":"error","message":"Failed to retrieve school admin dashboard","timestamp":"2025-07-18T08:36:35.281Z"}
{"error":{"clientVersion":"6.10.1","code":"P2010","meta":{"code":"22012","message":"ERROR: division by zero"},"name":"PrismaClientKnownRequestError"},"level":"error","message":"Failed to retrieve school admin dashboard","timestamp":"2025-07-18T08:36:42.112Z"}
{"error":{"message":"jwt malformed","name":"JsonWebTokenError"},"level":"error","message":"Invalid token","path":"/","timestamp":"2025-07-18T08:47:38.278Z"}
{"error":{"message":"jwt malformed","name":"JsonWebTokenError"},"level":"error","message":"Invalid token","path":"/","timestamp":"2025-07-18T08:48:09.448Z"}
{"error":{"clientVersion":"6.10.1","code":"P2010","meta":{"code":"22012","message":"ERROR: division by zero"},"name":"PrismaClientKnownRequestError"},"level":"error","message":"Failed to retrieve school admin dashboard","timestamp":"2025-07-18T08:49:07.261Z"}
{"error":{"clientVersion":"6.10.1","code":"P2010","meta":{"code":"22012","message":"ERROR: division by zero"},"name":"PrismaClientKnownRequestError"},"level":"error","message":"Failed to retrieve school admin dashboard","timestamp":"2025-07-18T08:49:16.004Z"}
{"error":{"clientVersion":"6.10.1","code":"P2010","meta":{"code":"22012","message":"ERROR: division by zero"},"name":"PrismaClientKnownRequestError"},"level":"error","message":"Failed to retrieve school admin dashboard","timestamp":"2025-07-18T08:50:32.809Z"}
{"error":{"clientVersion":"6.10.1","code":"P2010","meta":{"code":"22012","message":"ERROR: division by zero"},"name":"PrismaClientKnownRequestError"},"level":"error","message":"Failed to retrieve school admin dashboard","timestamp":"2025-07-18T08:50:42.113Z"}
{"error":{"clientVersion":"6.10.1","code":"P2010","meta":{"code":"22012","message":"ERROR: division by zero"},"name":"PrismaClientKnownRequestError"},"level":"error","message":"Failed to retrieve school admin dashboard","timestamp":"2025-07-18T08:52:11.969Z"}
{"error":{"clientVersion":"6.10.1","code":"P2010","meta":{"code":"22012","message":"ERROR: division by zero"},"name":"PrismaClientKnownRequestError"},"level":"error","message":"Failed to retrieve school admin dashboard","timestamp":"2025-07-18T08:52:19.754Z"}
{"error":{"clientVersion":"6.10.1","code":"P2010","meta":{"code":"22012","message":"ERROR: division by zero"},"name":"PrismaClientKnownRequestError"},"level":"error","message":"Failed to retrieve school admin dashboard","timestamp":"2025-07-18T08:53:49.897Z"}
{"error":{"clientVersion":"6.10.1","code":"P2010","meta":{"code":"22012","message":"ERROR: division by zero"},"name":"PrismaClientKnownRequestError"},"level":"error","message":"Failed to retrieve school admin dashboard","timestamp":"2025-07-18T08:53:59.250Z"}
{"error":{"clientVersion":"6.10.1","code":"P2010","meta":{"code":"22012","message":"ERROR: division by zero"},"name":"PrismaClientKnownRequestError"},"level":"error","message":"Failed to retrieve school admin dashboard","timestamp":"2025-07-18T08:58:44.539Z"}
{"error":{"clientVersion":"6.10.1","code":"P2010","meta":{"code":"22012","message":"ERROR: division by zero"},"name":"PrismaClientKnownRequestError"},"level":"error","message":"Failed to retrieve school admin dashboard","timestamp":"2025-07-18T08:58:52.914Z"}
{"error":{"expiredAt":"2025-07-18T09:03:58.000Z","message":"jwt expired","name":"TokenExpiredError"},"level":"error","message":"Invalid token","path":"/","timestamp":"2025-07-18T09:23:47.160Z"}
{"error":{"expiredAt":"2025-07-18T09:03:58.000Z","message":"jwt expired","name":"TokenExpiredError"},"level":"error","message":"Invalid token","path":"/","timestamp":"2025-07-18T09:23:49.346Z"}
{"error":{"expiredAt":"2025-07-18T09:03:58.000Z","message":"jwt expired","name":"TokenExpiredError"},"level":"error","message":"Invalid token","path":"/logout","timestamp":"2025-07-18T09:23:51.274Z"}
{"error":{"clientVersion":"6.10.1","code":"P2010","meta":{"code":"22012","message":"ERROR: division by zero"},"name":"PrismaClientKnownRequestError"},"level":"error","message":"Failed to retrieve school admin dashboard","timestamp":"2025-07-18T09:24:06.744Z"}
{"error":{"clientVersion":"6.10.1","code":"P2010","meta":{"code":"22012","message":"ERROR: division by zero"},"name":"PrismaClientKnownRequestError"},"level":"error","message":"Failed to retrieve school admin dashboard","timestamp":"2025-07-18T09:24:15.428Z"}
{"error":{"expiredAt":"2025-07-18T09:38:57.000Z","message":"jwt expired","name":"TokenExpiredError"},"level":"error","message":"Invalid token","path":"/logout","timestamp":"2025-07-18T09:53:16.569Z"}
{"error":{"expiredAt":"2025-07-18T10:08:33.000Z","message":"jwt expired","name":"TokenExpiredError"},"level":"error","message":"Invalid token","path":"/logout","timestamp":"2025-07-18T11:22:05.837Z"}
{"error":{"expiredAt":"2025-07-18T11:37:15.000Z","message":"jwt expired","name":"TokenExpiredError"},"level":"error","message":"Invalid token","path":"/","timestamp":"2025-07-18T11:38:01.860Z"}
{"error":{"expiredAt":"2025-07-18T11:37:15.000Z","message":"jwt expired","name":"TokenExpiredError"},"level":"error","message":"Invalid token","path":"/","timestamp":"2025-07-18T11:38:02.291Z"}
{"error":{"expiredAt":"2025-07-18T11:37:15.000Z","message":"jwt expired","name":"TokenExpiredError"},"level":"error","message":"Invalid token","path":"/","timestamp":"2025-07-18T11:38:18.593Z"}
{"error":{"expiredAt":"2025-07-18T11:37:15.000Z","message":"jwt expired","name":"TokenExpiredError"},"level":"error","message":"Invalid token","path":"/","timestamp":"2025-07-18T11:38:18.617Z"}
{"error":{"expiredAt":"2025-07-18T11:37:15.000Z","message":"jwt expired","name":"TokenExpiredError"},"level":"error","message":"Invalid token","path":"/","timestamp":"2025-07-18T11:38:18.655Z"}
{"error":{"expiredAt":"2025-07-18T11:37:15.000Z","message":"jwt expired","name":"TokenExpiredError"},"level":"error","message":"Invalid token","path":"/","timestamp":"2025-07-18T11:38:18.694Z"}
{"error":{"expiredAt":"2025-07-18T11:37:15.000Z","message":"jwt expired","name":"TokenExpiredError"},"level":"error","message":"Invalid token","path":"/","timestamp":"2025-07-18T11:38:18.734Z"}
{"error":{"expiredAt":"2025-07-18T11:37:15.000Z","message":"jwt expired","name":"TokenExpiredError"},"level":"error","message":"Invalid token","path":"/","timestamp":"2025-07-18T11:38:18.811Z"}
{"error":{"expiredAt":"2025-07-18T11:37:15.000Z","message":"jwt expired","name":"TokenExpiredError"},"level":"error","message":"Invalid token","path":"/","timestamp":"2025-07-18T11:38:19.098Z"}
{"error":{"expiredAt":"2025-07-18T11:37:15.000Z","message":"jwt expired","name":"TokenExpiredError"},"level":"error","message":"Invalid token","path":"/logout","timestamp":"2025-07-18T11:38:19.688Z"}
{"error":{"expiredAt":"2025-07-18T11:53:25.000Z","message":"jwt expired","name":"TokenExpiredError"},"level":"error","message":"Invalid token","path":"/","timestamp":"2025-07-18T11:56:58.418Z"}
{"error":{"expiredAt":"2025-07-18T11:53:25.000Z","message":"jwt expired","name":"TokenExpiredError"},"level":"error","message":"Invalid token","path":"/","timestamp":"2025-07-18T11:56:58.656Z"}
{"error":{"expiredAt":"2025-07-18T11:53:25.000Z","message":"jwt expired","name":"TokenExpiredError"},"level":"error","message":"Invalid token","path":"/","timestamp":"2025-07-18T12:45:36.736Z"}
{"error":{"expiredAt":"2025-07-18T11:53:25.000Z","message":"jwt expired","name":"TokenExpiredError"},"level":"error","message":"Invalid token","path":"/logout","timestamp":"2025-07-18T12:45:46.790Z"}
{"error":{"clientVersion":"6.10.1","code":"P1001","meta":{"database_host":"aws-0-eu-west-2.pooler.supabase.com","database_port":6543,"modelName":"User"},"name":"PrismaClientKnownRequestError"},"level":"error","message":"Failed to login","timestamp":"2025-07-18T12:45:51.742Z"}
{"error":{"clientVersion":"6.10.1","code":"P1001","meta":{"database_host":"aws-0-eu-west-2.pooler.supabase.com","database_port":6543,"modelName":"User"},"name":"PrismaClientKnownRequestError"},"level":"error","message":"Failed to login","timestamp":"2025-07-18T12:47:09.139Z"}
{"error":{"expiredAt":"2025-07-18T13:02:57.000Z","message":"jwt expired","name":"TokenExpiredError"},"level":"error","message":"Invalid token","path":"/logout","timestamp":"2025-07-19T05:13:56.170Z"}
{"error":{"clientVersion":"6.10.1","code":"P1001","meta":{"database_host":"aws-0-eu-west-2.pooler.supabase.com","database_port":6543,"modelName":"School"},"name":"PrismaClientKnownRequestError"},"level":"error","message":"Failed to retrieve schools","timestamp":"2025-07-19T05:14:59.253Z"}
{"error":{"clientVersion":"6.10.1","code":"P1001","meta":{"database_host":"aws-0-eu-west-2.pooler.supabase.com","database_port":6543,"modelName":"School"},"name":"PrismaClientKnownRequestError"},"level":"error","message":"Failed to retrieve schools","timestamp":"2025-07-19T05:14:59.399Z"}
{"error":{"message":"jwt malformed","name":"JsonWebTokenError"},"level":"error","message":"Invalid token","path":"/","timestamp":"2025-07-19T05:15:30.091Z"}
{"error":{"expiredAt":"2025-07-19T05:29:28.000Z","message":"jwt expired","name":"TokenExpiredError"},"level":"error","message":"Invalid token","path":"/","timestamp":"2025-07-19T05:33:54.015Z"}
{"error":{"expiredAt":"2025-07-19T05:29:28.000Z","message":"jwt expired","name":"TokenExpiredError"},"level":"error","message":"Invalid token","path":"/","timestamp":"2025-07-19T05:33:54.036Z"}
{"error":{"expiredAt":"2025-07-19T05:29:28.000Z","message":"jwt expired","name":"TokenExpiredError"},"level":"error","message":"Invalid token","path":"/","timestamp":"2025-07-19T05:34:16.650Z"}
{"error":{"expiredAt":"2025-07-19T05:29:28.000Z","message":"jwt expired","name":"TokenExpiredError"},"level":"error","message":"Invalid token","path":"/logout","timestamp":"2025-07-19T05:34:25.600Z"}
{"error":{"message":"jwt malformed","name":"JsonWebTokenError"},"level":"error","message":"Invalid token","path":"/","timestamp":"2025-07-19T05:34:25.822Z"}
{"error":{"clientVersion":"6.10.1","code":"P2024","meta":{"connection_limit":1,"modelName":"School","timeout":10},"name":"PrismaClientKnownRequestError"},"level":"error","message":"Failed to retrieve super admin dashboard","timestamp":"2025-07-19T05:34:49.616Z"}
{"error":{"message":"jwt malformed","name":"JsonWebTokenError"},"level":"error","message":"Invalid token","path":"/","timestamp":"2025-07-19T05:42:03.312Z"}
{"error":{"message":"jwt malformed","name":"JsonWebTokenError"},"level":"error","message":"Invalid token","path":"/","timestamp":"2025-07-19T05:42:03.380Z"}
{"error":{"message":"jwt malformed","name":"JsonWebTokenError"},"level":"error","message":"Invalid token","path":"/","timestamp":"2025-07-19T05:42:20.106Z"}
{"error":{"clientVersion":"6.10.1","code":"P2024","meta":{"connection_limit":1,"modelName":"School","timeout":10},"name":"PrismaClientKnownRequestError"},"level":"error","message":"Failed to retrieve super admin dashboard","timestamp":"2025-07-19T05:42:43.798Z"}
{"error":{"message":"jwt malformed","name":"JsonWebTokenError"},"level":"error","message":"Invalid token","path":"/","timestamp":"2025-07-19T05:42:55.159Z"}
{"error":{"message":"jwt malformed","name":"JsonWebTokenError"},"level":"error","message":"Invalid token","path":"/","timestamp":"2025-07-19T05:42:55.179Z"}
{"error":{"message":"jwt malformed","name":"JsonWebTokenError"},"level":"error","message":"Invalid token","path":"/","timestamp":"2025-07-19T05:43:15.458Z"}
{"error":{"message":"jwt malformed","name":"JsonWebTokenError"},"level":"error","message":"Invalid token","path":"/","timestamp":"2025-07-19T05:43:15.479Z"}
{"error":{"message":"jwt malformed","name":"JsonWebTokenError"},"level":"error","message":"Invalid token","path":"/","timestamp":"2025-07-19T05:43:39.722Z"}
{"error":{"message":"jwt malformed","name":"JsonWebTokenError"},"level":"error","message":"Invalid token","path":"/","timestamp":"2025-07-19T05:45:26.845Z"}
{"error":{"message":"jwt malformed","name":"JsonWebTokenError"},"level":"error","message":"Invalid token","path":"/","timestamp":"2025-07-19T05:45:26.865Z"}
{"error":{"message":"jwt malformed","name":"JsonWebTokenError"},"level":"error","message":"Invalid token","path":"/","timestamp":"2025-07-19T05:46:07.562Z"}
{"error":{"message":"jwt malformed","name":"JsonWebTokenError"},"level":"error","message":"Invalid token","path":"/","timestamp":"2025-07-19T05:46:07.579Z"}
{"error":{"expiredAt":"2025-07-19T05:58:49.000Z","message":"jwt expired","name":"TokenExpiredError"},"level":"error","message":"Invalid token","path":"/","timestamp":"2025-07-19T06:07:33.532Z"}
{"error":{"expiredAt":"2025-07-19T05:58:49.000Z","message":"jwt expired","name":"TokenExpiredError"},"level":"error","message":"Invalid token","path":"/","timestamp":"2025-07-19T06:07:33.632Z"}
{"error":{"expiredAt":"2025-07-19T05:58:49.000Z","message":"jwt expired","name":"TokenExpiredError"},"level":"error","message":"Invalid token","path":"/","timestamp":"2025-07-19T06:07:33.659Z"}
{"error":{"expiredAt":"2025-07-19T05:58:49.000Z","message":"jwt expired","name":"TokenExpiredError"},"level":"error","message":"Invalid token","path":"/","timestamp":"2025-07-19T06:07:33.684Z"}
{"error":{"expiredAt":"2025-07-19T05:58:49.000Z","message":"jwt expired","name":"TokenExpiredError"},"level":"error","message":"Invalid token","path":"/","timestamp":"2025-07-19T06:07:33.703Z"}
{"error":{"expiredAt":"2025-07-19T05:58:49.000Z","message":"jwt expired","name":"TokenExpiredError"},"level":"error","message":"Invalid token","path":"/super-admin","timestamp":"2025-07-19T06:08:02.407Z"}
{"error":{"expiredAt":"2025-07-19T05:58:49.000Z","message":"jwt expired","name":"TokenExpiredError"},"level":"error","message":"Invalid token","path":"/super-admin","timestamp":"2025-07-19T06:08:02.424Z"}
{"error":{"expiredAt":"2025-07-19T05:58:49.000Z","message":"jwt expired","name":"TokenExpiredError"},"level":"error","message":"Invalid token","path":"/logout","timestamp":"2025-07-19T06:08:03.456Z"}
{"error":{"clientVersion":"6.10.1","code":"P2024","meta":{"connection_limit":1,"modelName":"Student","timeout":10},"name":"PrismaClientKnownRequestError"},"level":"error","message":"Failed to retrieve students","timestamp":"2025-07-19T06:08:52.473Z"}
{"error":{"message":"jwt malformed","name":"JsonWebTokenError"},"level":"error","message":"Invalid token","path":"/","timestamp":"2025-07-19T06:09:17.695Z"}
{"error":{"message":"jwt malformed","name":"JsonWebTokenError"},"level":"error","message":"Invalid token","path":"/","timestamp":"2025-07-19T06:09:18.012Z"}
{"error":{"message":"jwt malformed","name":"JsonWebTokenError"},"level":"error","message":"Invalid token","path":"/","timestamp":"2025-07-19T06:09:18.233Z"}
{"error":{"message":"jwt malformed","name":"JsonWebTokenError"},"level":"error","message":"Invalid token","path":"/","timestamp":"2025-07-19T06:09:18.275Z"}
{"error":{"message":"jwt malformed","name":"JsonWebTokenError"},"level":"error","message":"Invalid token","path":"/","timestamp":"2025-07-19T06:09:18.326Z"}
{"error":{"clientVersion":"6.10.1","code":"P2024","meta":{"connection_limit":1,"modelName":"Parent","timeout":10},"name":"PrismaClientKnownRequestError"},"level":"error","message":"Failed to retrieve parents","timestamp":"2025-07-19T06:09:44.566Z"}
{"error":{"message":"jwt malformed","name":"JsonWebTokenError"},"level":"error","message":"Invalid token","path":"/","timestamp":"2025-07-19T06:12:18.950Z"}
{"error":{"message":"jwt malformed","name":"JsonWebTokenError"},"level":"error","message":"Invalid token","path":"/","timestamp":"2025-07-19T06:12:18.989Z"}
{"error":{"message":"jwt malformed","name":"JsonWebTokenError"},"level":"error","message":"Invalid token","path":"/","timestamp":"2025-07-19T06:12:19.030Z"}
{"error":{"message":"jwt malformed","name":"JsonWebTokenError"},"level":"error","message":"Invalid token","path":"/","timestamp":"2025-07-19T06:12:19.114Z"}
{"error":{"message":"jwt malformed","name":"JsonWebTokenError"},"level":"error","message":"Invalid token","path":"/","timestamp":"2025-07-19T06:12:19.213Z"}
{"error":{"message":"jwt malformed","name":"JsonWebTokenError"},"level":"error","message":"Invalid token","path":"/","timestamp":"2025-07-19T06:35:16.669Z"}
{"error":{"expiredAt":"2025-07-19T06:23:10.000Z","message":"jwt expired","name":"TokenExpiredError"},"level":"error","message":"Invalid token","path":"/","timestamp":"2025-07-19T06:35:16.928Z"}
{"error":{"expiredAt":"2025-07-19T06:23:10.000Z","message":"jwt expired","name":"TokenExpiredError"},"level":"error","message":"Invalid token","path":"/super-admin","timestamp":"2025-07-19T06:35:31.294Z"}
{"error":{"expiredAt":"2025-07-19T06:23:10.000Z","message":"jwt expired","name":"TokenExpiredError"},"level":"error","message":"Invalid token","path":"/super-admin","timestamp":"2025-07-19T06:35:31.335Z"}
{"error":{"expiredAt":"2025-07-19T06:23:10.000Z","message":"jwt expired","name":"TokenExpiredError"},"level":"error","message":"Invalid token","path":"/logout","timestamp":"2025-07-19T06:35:33.821Z"}
{"error":{"clientVersion":"6.10.1","code":"P2010","meta":{"code":"22012","message":"ERROR: division by zero"},"name":"PrismaClientKnownRequestError"},"level":"error","message":"Failed to retrieve parent dashboard","timestamp":"2025-07-19T06:35:53.057Z"}
{"error":{"clientVersion":"6.10.1","code":"P2010","meta":{"code":"22012","message":"ERROR: division by zero"},"name":"PrismaClientKnownRequestError"},"level":"error","message":"Failed to retrieve parent dashboard","timestamp":"2025-07-19T06:36:01.010Z"}
{"error":{"clientVersion":"6.10.1","code":"P2010","meta":{"code":"22012","message":"ERROR: division by zero"},"name":"PrismaClientKnownRequestError"},"level":"error","message":"Failed to retrieve parent dashboard","timestamp":"2025-07-19T06:36:08.906Z"}
{"error":{"clientVersion":"6.10.1","code":"P2010","meta":{"code":"22012","message":"ERROR: division by zero"},"name":"PrismaClientKnownRequestError"},"level":"error","message":"Failed to retrieve parent dashboard","timestamp":"2025-07-19T06:36:24.191Z"}
{"error":{"expiredAt":"2025-07-19T06:51:31.000Z","message":"jwt expired","name":"TokenExpiredError"},"level":"error","message":"Invalid token","path":"/","timestamp":"2025-07-19T06:52:57.792Z"}
{"error":{"expiredAt":"2025-07-19T06:51:31.000Z","message":"jwt expired","name":"TokenExpiredError"},"level":"error","message":"Invalid token","path":"/logout","timestamp":"2025-07-19T06:55:11.288Z"}
{"error":{"clientVersion":"6.10.1","code":"P2010","meta":{"code":"42804","message":"ERROR: argument of AND must be type boolean, not type text"},"name":"PrismaClientKnownRequestError"},"level":"error","message":"Failed to retrieve attendance analytics","timestamp":"2025-07-19T07:03:47.816Z"}
{"error":{"clientVersion":"6.10.1","code":"P2003","meta":{"constraint":"Attendance_recordedById_fkey","modelName":"Attendance"},"name":"PrismaClientKnownRequestError"},"level":"error","message":"Failed to record bulk attendance","timestamp":"2025-07-19T07:09:25.093Z"}
{"error":{"expiredAt":"2025-07-19T07:10:17.000Z","message":"jwt expired","name":"TokenExpiredError"},"level":"error","message":"Invalid token","path":"/analytics","timestamp":"2025-07-19T07:12:16.712Z"}
{"error":{"expiredAt":"2025-07-19T07:10:17.000Z","message":"jwt expired","name":"TokenExpiredError"},"level":"error","message":"Invalid token","path":"/class/2dbc1ff5-971c-4417-909a-c0dd133e2d8b","timestamp":"2025-07-19T07:12:16.762Z"}
{"error":{"expiredAt":"2025-07-19T07:10:17.000Z","message":"jwt expired","name":"TokenExpiredError"},"level":"error","message":"Invalid token","path":"/bulk","timestamp":"2025-07-19T07:12:30.265Z"}
{"error":{"expiredAt":"2025-07-19T07:10:17.000Z","message":"jwt expired","name":"TokenExpiredError"},"level":"error","message":"Invalid token","path":"/logout","timestamp":"2025-07-19T07:12:42.861Z"}
{"error":{"clientVersion":"6.10.1","code":"P2003","meta":{"constraint":"Attendance_recordedById_fkey","modelName":"Attendance"},"name":"PrismaClientKnownRequestError"},"level":"error","message":"Failed to record bulk attendance","timestamp":"2025-07-19T07:13:28.709Z"}
